<?xml version="1.0" encoding="UTF-8"?>
<!-- Generated by org.testng.reporters.JUnitXMLReporter -->
<testsuite ignored="0" hostname="BLRLAP1529" failures="1" tests="37" name="OpenCartTest" time="232.271" errors="0" timestamp="2023-12-28T14:52:38 IST">
  <testcase classname="testCases.DDT.TC_001_AccountLogin" name="test_execute_login_test_cases" time="2.689"/>
  <testcase classname="testCases.DDT.TC_001_AccountLogin" name="test_execute_login_test_cases" time="11.659"/>
  <testcase classname="testCases.DDT.TC_001_AccountLogin" name="test_execute_login_test_cases" time="11.617"/>
  <testcase classname="testCases.DDT.TC_001_AccountLogin" name="test_execute_login_test_cases" time="11.561"/>
  <testcase classname="testCases.DDT.TC_001_AccountLogin" name="test_execute_login_test_cases" time="11.54"/>
  <testcase classname="testCases.DDT.TC_001_AccountLogin" name="test_execute_login_test_cases" time="1.84"/>
  <testcase classname="testCases.DDT.TC_001_AccountLogin" name="test_execute_login_test_cases" time="2.427"/>
  <testcase classname="testCases.DDT.TC_001_AccountLogin" name="test_execute_login_test_cases" time="0.628"/>
  <testcase classname="testCases.DDT.TC_001_AccountLogin" name="test_execute_login_test_cases" time="1.843"/>
  <testcase classname="testCases.DDT.TC_001_AccountLogin" name="test_execute_login_test_cases" time="3.766">
    <failure type="java.lang.AssertionError" message="expected [true] but found [false]">
      <![CDATA[java.lang.AssertionError: expected [true] but found [false]
at testCases.DDT.TC_001_AccountLogin.account_login_close_browser(TC_001_AccountLogin.java:192)
at testCases.DDT.TC_001_AccountLogin.test_execute_login_test_cases(TC_001_AccountLogin.java:43)
at java.base/java.util.ArrayList.forEach(ArrayList.java:1511)
... Removed 38 stack frames]]>
    </failure>
  </testcase> <!-- test_execute_login_test_cases -->
  <testcase classname="testCases.DDT.TC_002_AccountRegistration" name="test_execute_registration_test_cases" time="4.633"/>
  <testcase classname="testCases.DDT.TC_002_AccountRegistration" name="test_execute_registration_test_cases" time="5.093"/>
  <testcase classname="testCases.DDT.TC_002_AccountRegistration" name="test_execute_registration_test_cases" time="3.996"/>
  <testcase classname="testCases.DDT.TC_002_AccountRegistration" name="test_execute_registration_test_cases" time="4.978"/>
  <testcase classname="testCases.DDT.TC_002_AccountRegistration" name="test_execute_registration_test_cases" time="4.942"/>
  <testcase classname="testCases.DDT.TC_002_AccountRegistration" name="test_execute_registration_test_cases" time="3.443"/>
  <testcase classname="testCases.DDT.TC_002_AccountRegistration" name="test_execute_registration_test_cases" time="4.105"/>
  <testcase classname="testCases.DDT.TC_002_AccountRegistration" name="test_execute_registration_test_cases" time="0.062"/>
  <testcase classname="testCases.DDT.TC_002_AccountRegistration" name="test_execute_registration_test_cases" time="3.765"/>
  <testcase classname="testCases.DDT.TC_002_AccountRegistration" name="test_execute_registration_test_cases" time="5.627"/>
  <testcase classname="testCases.DDT.TC_003_AccountLogout" name="test_execute_logout_test_cases" time="3.622"/>
  <testcase classname="testCases.DDT.TC_003_AccountLogout" name="test_execute_logout_test_cases" time="2.223"/>
  <testcase classname="testCases.DDT.TC_003_AccountLogout" name="test_execute_logout_test_cases" time="2.548"/>
  <testcase classname="testCases.DDT.TC_003_AccountLogout" name="test_execute_logout_test_cases" time="10.216"/>
  <testcase classname="testCases.DDT.TC_003_AccountLogout" name="test_execute_logout_test_cases" time="10.572"/>
  <testcase classname="testCases.DDT.TC_003_AccountLogout" name="test_execute_logout_test_cases" time="4.317"/>
  <testcase classname="testCases.DDT.TC_004_SearchPage" name="test_execute_search_test_cases" time="1.477"/>
  <testcase classname="testCases.DDT.TC_004_SearchPage" name="test_execute_search_test_cases" time="11.12"/>
  <testcase classname="testCases.DDT.TC_004_SearchPage" name="test_execute_search_test_cases" time="10.924"/>
  <testcase classname="testCases.DDT.TC_004_SearchPage" name="test_execute_search_test_cases" time="22.941"/>
  <testcase classname="testCases.DDT.TC_004_SearchPage" name="test_execute_search_test_cases" time="2.12"/>
  <testcase classname="testCases.DDT.TC_004_SearchPage" name="test_execute_search_test_cases" time="1.369"/>
  <testcase classname="testCases.DDT.TC_004_SearchPage" name="test_execute_search_test_cases" time="2.162"/>
  <testcase classname="testCases.DDT.TC_004_SearchPage" name="test_execute_search_test_cases" time="2.446"/>
  <testcase classname="testCases.DDT.TC_004_SearchPage" name="test_execute_search_test_cases" time="12.283"/>
  <testcase classname="testCases.DDT.TC_004_SearchPage" name="test_execute_search_test_cases" time="12.176"/>
  <testcase classname="testCases.DDT.TC_004_SearchPage" name="test_execute_search_test_cases" time="2.641"/>
</testsuite> <!-- OpenCartTest -->
