<?xml version="1.0" encoding="UTF-8"?>
<testng-results ignored="0" total="10" passed="9" failed="1" skipped="0">
  <reporter-output>
  </reporter-output>
  <suite started-at="2023-12-19T12:07:26 IST" name="OpenCartSuite" finished-at="2023-12-19T12:08:31 IST" duration-ms="64514">
    <groups>
    </groups>
    <test started-at="2023-12-19T12:07:26 IST" name="OpenCartTest" finished-at="2023-12-19T12:08:31 IST" duration-ms="64514">
      <class name="testCases.DDT.TC_001_AccountLogin">
        <test-method is-config="true" signature="setup(java.lang.String,java.lang.String)[pri:0, instance:testCases.DDT.TC_001_AccountLogin@74e28667]" started-at="2023-12-19T12:07:27 IST" name="setup" finished-at="2023-12-19T12:07:30 IST" duration-ms="3596" status="PASS">
          <params>
            <param index="0">
              <value>
                <![CDATA[chrome]]>
              </value>
            </param>
            <param index="1">
              <value>
                <![CDATA[false]]>
              </value>
            </param>
          </params>
          <reporter-output>
          </reporter-output>
        </test-method> <!-- setup -->
        <test-method signature="test_execute_login_test_cases(java.lang.String,java.lang.String,java.lang.String,java.lang.String)[pri:0, instance:testCases.DDT.TC_001_AccountLogin@74e28667]" started-at="2023-12-19T12:07:32 IST" name="test_execute_login_test_cases" data-provider="LoginData" finished-at="2023-12-19T12:07:34 IST" duration-ms="2303" status="PASS">
          <params>
            <param index="0">
              <value>
                <![CDATA[account_login_validation]]>
              </value>
            </param>
            <param index="1">
              <value>
                <![CDATA[topcoders1@gmail.com]]>
              </value>
            </param>
            <param index="2">
              <value>
                <![CDATA[1234]]>
              </value>
            </param>
            <param index="3">
              <value>
                <![CDATA[Valid]]>
              </value>
            </param>
          </params>
          <reporter-output>
          </reporter-output>
        </test-method> <!-- test_execute_login_test_cases -->
        <test-method signature="test_execute_login_test_cases(java.lang.String,java.lang.String,java.lang.String,java.lang.String)[pri:0, instance:testCases.DDT.TC_001_AccountLogin@74e28667]" started-at="2023-12-19T12:07:34 IST" name="test_execute_login_test_cases" data-provider="LoginData" finished-at="2023-12-19T12:07:46 IST" duration-ms="11633" status="PASS">
          <params>
            <param index="0">
              <value>
                <![CDATA[account_login_validation]]>
              </value>
            </param>
            <param index="1">
              <value>
                <![CDATA[lakshmi@yahoo.com]]>
              </value>
            </param>
            <param index="2">
              <value>
                <![CDATA[Laxmi]]>
              </value>
            </param>
            <param index="3">
              <value>
                <![CDATA[Invalid]]>
              </value>
            </param>
          </params>
          <reporter-output>
          </reporter-output>
        </test-method> <!-- test_execute_login_test_cases -->
        <test-method signature="test_execute_login_test_cases(java.lang.String,java.lang.String,java.lang.String,java.lang.String)[pri:0, instance:testCases.DDT.TC_001_AccountLogin@74e28667]" started-at="2023-12-19T12:07:46 IST" name="test_execute_login_test_cases" data-provider="LoginData" finished-at="2023-12-19T12:07:57 IST" duration-ms="11482" status="PASS">
          <params>
            <param index="0">
              <value>
                <![CDATA[account_login_validation]]>
              </value>
            </param>
            <param index="1">
              <value>
                <![CDATA[laksh@yahoo.com]]>
              </value>
            </param>
            <param index="2">
              <value>
                <![CDATA[1234]]>
              </value>
            </param>
            <param index="3">
              <value>
                <![CDATA[Invalid]]>
              </value>
            </param>
          </params>
          <reporter-output>
          </reporter-output>
        </test-method> <!-- test_execute_login_test_cases -->
        <test-method signature="test_execute_login_test_cases(java.lang.String,java.lang.String,java.lang.String,java.lang.String)[pri:0, instance:testCases.DDT.TC_001_AccountLogin@74e28667]" started-at="2023-12-19T12:07:57 IST" name="test_execute_login_test_cases" data-provider="LoginData" finished-at="2023-12-19T12:08:09 IST" duration-ms="11466" status="PASS">
          <params>
            <param index="0">
              <value>
                <![CDATA[account_login_validation]]>
              </value>
            </param>
            <param index="1">
              <value>
                <![CDATA[topcoders1@gmail.com]]>
              </value>
            </param>
            <param index="2">
              <value>
                <![CDATA[xyz]]>
              </value>
            </param>
            <param index="3">
              <value>
                <![CDATA[Invalid]]>
              </value>
            </param>
          </params>
          <reporter-output>
          </reporter-output>
        </test-method> <!-- test_execute_login_test_cases -->
        <test-method signature="test_execute_login_test_cases(java.lang.String,java.lang.String,java.lang.String,java.lang.String)[pri:0, instance:testCases.DDT.TC_001_AccountLogin@74e28667]" started-at="2023-12-19T12:08:09 IST" name="test_execute_login_test_cases" data-provider="LoginData" finished-at="2023-12-19T12:08:20 IST" duration-ms="11431" status="PASS">
          <params>
            <param index="0">
              <value>
                <![CDATA[account_login_validation]]>
              </value>
            </param>
            <param index="1">
              <value>
                <![CDATA[]]>
              </value>
            </param>
            <param index="2">
              <value>
                <![CDATA[]]>
              </value>
            </param>
            <param index="3">
              <value>
                <![CDATA[Invalid]]>
              </value>
            </param>
          </params>
          <reporter-output>
          </reporter-output>
        </test-method> <!-- test_execute_login_test_cases -->
        <test-method signature="test_execute_login_test_cases(java.lang.String,java.lang.String,java.lang.String,java.lang.String)[pri:0, instance:testCases.DDT.TC_001_AccountLogin@74e28667]" started-at="2023-12-19T12:08:20 IST" name="test_execute_login_test_cases" data-provider="LoginData" finished-at="2023-12-19T12:08:22 IST" duration-ms="1748" status="PASS">
          <params>
            <param index="0">
              <value>
                <![CDATA[account_login_browser_back]]>
              </value>
            </param>
            <param index="1">
              <value>
                <![CDATA[topcoders1@gmail.com]]>
              </value>
            </param>
            <param index="2">
              <value>
                <![CDATA[1234]]>
              </value>
            </param>
            <param index="3">
              <value>
                <![CDATA[Valid]]>
              </value>
            </param>
          </params>
          <reporter-output>
          </reporter-output>
        </test-method> <!-- test_execute_login_test_cases -->
        <test-method signature="test_execute_login_test_cases(java.lang.String,java.lang.String,java.lang.String,java.lang.String)[pri:0, instance:testCases.DDT.TC_001_AccountLogin@74e28667]" started-at="2023-12-19T12:08:22 IST" name="test_execute_login_test_cases" data-provider="LoginData" finished-at="2023-12-19T12:08:24 IST" duration-ms="2102" status="PASS">
          <params>
            <param index="0">
              <value>
                <![CDATA[account_login_logout_browser_back]]>
              </value>
            </param>
            <param index="1">
              <value>
                <![CDATA[topcoders1@gmail.com]]>
              </value>
            </param>
            <param index="2">
              <value>
                <![CDATA[1234]]>
              </value>
            </param>
            <param index="3">
              <value>
                <![CDATA[Valid]]>
              </value>
            </param>
          </params>
          <reporter-output>
          </reporter-output>
        </test-method> <!-- test_execute_login_test_cases -->
        <test-method signature="test_execute_login_test_cases(java.lang.String,java.lang.String,java.lang.String,java.lang.String)[pri:0, instance:testCases.DDT.TC_001_AccountLogin@74e28667]" started-at="2023-12-19T12:08:24 IST" name="test_execute_login_test_cases" data-provider="LoginData" finished-at="2023-12-19T12:08:25 IST" duration-ms="559" status="PASS">
          <params>
            <param index="0">
              <value>
                <![CDATA[account_login_password_copy]]>
              </value>
            </param>
            <param index="1">
              <value>
                <![CDATA[]]>
              </value>
            </param>
            <param index="2">
              <value>
                <![CDATA[copypassword]]>
              </value>
            </param>
            <param index="3">
              <value>
                <![CDATA[]]>
              </value>
            </param>
          </params>
          <reporter-output>
          </reporter-output>
        </test-method> <!-- test_execute_login_test_cases -->
        <test-method signature="test_execute_login_test_cases(java.lang.String,java.lang.String,java.lang.String,java.lang.String)[pri:0, instance:testCases.DDT.TC_001_AccountLogin@74e28667]" started-at="2023-12-19T12:08:25 IST" name="test_execute_login_test_cases" data-provider="LoginData" finished-at="2023-12-19T12:08:27 IST" duration-ms="1957" status="PASS">
          <params>
            <param index="0">
              <value>
                <![CDATA[account_login_navigating]]>
              </value>
            </param>
            <param index="1">
              <value>
                <![CDATA[]]>
              </value>
            </param>
            <param index="2">
              <value>
                <![CDATA[]]>
              </value>
            </param>
            <param index="3">
              <value>
                <![CDATA[]]>
              </value>
            </param>
          </params>
          <reporter-output>
          </reporter-output>
        </test-method> <!-- test_execute_login_test_cases -->
        <test-method signature="test_execute_login_test_cases(java.lang.String,java.lang.String,java.lang.String,java.lang.String)[pri:0, instance:testCases.DDT.TC_001_AccountLogin@74e28667]" started-at="2023-12-19T12:08:27 IST" name="test_execute_login_test_cases" data-provider="LoginData" finished-at="2023-12-19T12:08:30 IST" duration-ms="3662" status="FAIL">
          <params>
            <param index="0">
              <value>
                <![CDATA[account_login_close_browser]]>
              </value>
            </param>
            <param index="1">
              <value>
                <![CDATA[topcoders1@gmail.com]]>
              </value>
            </param>
            <param index="2">
              <value>
                <![CDATA[1234]]>
              </value>
            </param>
            <param index="3">
              <value>
                <![CDATA[Valid]]>
              </value>
            </param>
          </params>
          <exception class="java.lang.AssertionError">
            <message>
              <![CDATA[expected [true] but found [false]]]>
            </message>
            <full-stacktrace>
              <![CDATA[java.lang.AssertionError: expected [true] but found [false]
at org.testng.Assert.fail(Assert.java:111)
at org.testng.Assert.failNotEquals(Assert.java:1578)
at org.testng.Assert.assertEqualsImpl(Assert.java:150)
at org.testng.Assert.assertEquals(Assert.java:132)
at org.testng.Assert.assertEquals(Assert.java:1067)
at org.testng.Assert.assertEquals(Assert.java:1031)
at org.testng.Assert.assertEquals(Assert.java:1077)
at testCases.DDT.TC_001_AccountLogin.account_login_close_browser(TC_001_AccountLogin.java:198)
at testCases.DDT.TC_001_AccountLogin.test_execute_login_test_cases(TC_001_AccountLogin.java:43)
at java.base/jdk.internal.reflect.NativeMethodAccessorImpl.invoke0(Native Method)
at java.base/jdk.internal.reflect.NativeMethodAccessorImpl.invoke(NativeMethodAccessorImpl.java:77)
at java.base/jdk.internal.reflect.DelegatingMethodAccessorImpl.invoke(DelegatingMethodAccessorImpl.java:43)
at java.base/java.lang.reflect.Method.invoke(Method.java:568)
at org.testng.internal.invokers.MethodInvocationHelper.invokeMethod(MethodInvocationHelper.java:139)
at org.testng.internal.invokers.TestInvoker.invokeMethod(TestInvoker.java:664)
at org.testng.internal.invokers.TestInvoker.invokeTestMethod(TestInvoker.java:227)
at org.testng.internal.invokers.MethodRunner.runInSequence(MethodRunner.java:50)
at org.testng.internal.invokers.TestInvoker$MethodInvocationAgent.invoke(TestInvoker.java:957)
at org.testng.internal.invokers.TestInvoker.invokeTestMethods(TestInvoker.java:200)
at org.testng.internal.invokers.TestMethodWorker.invokeTestMethods(TestMethodWorker.java:148)
at org.testng.internal.invokers.TestMethodWorker.run(TestMethodWorker.java:128)
at java.base/java.util.ArrayList.forEach(ArrayList.java:1511)
at org.testng.TestRunner.privateRun(TestRunner.java:848)
at org.testng.TestRunner.run(TestRunner.java:621)
at org.testng.SuiteRunner.runTest(SuiteRunner.java:443)
at org.testng.SuiteRunner.runSequentially(SuiteRunner.java:437)
at org.testng.SuiteRunner.privateRun(SuiteRunner.java:397)
at org.testng.SuiteRunner.run(SuiteRunner.java:336)
at org.testng.SuiteRunnerWorker.runSuite(SuiteRunnerWorker.java:52)
at org.testng.SuiteRunnerWorker.run(SuiteRunnerWorker.java:95)
at org.testng.TestNG.runSuitesSequentially(TestNG.java:1280)
at org.testng.TestNG.runSuitesLocally(TestNG.java:1200)
at org.testng.TestNG.runSuites(TestNG.java:1114)
at org.testng.TestNG.run(TestNG.java:1082)
at org.testng.remote.AbstractRemoteTestNG.run(AbstractRemoteTestNG.java:115)
at org.testng.remote.RemoteTestNG.initAndRun(RemoteTestNG.java:251)
at org.testng.remote.RemoteTestNG.main(RemoteTestNG.java:77)
]]>
            </full-stacktrace>
          </exception> <!-- java.lang.AssertionError -->
          <reporter-output>
          </reporter-output>
        </test-method> <!-- test_execute_login_test_cases -->
        <test-method is-config="true" signature="tearDown()[pri:0, instance:testCases.DDT.TC_001_AccountLogin@74e28667]" started-at="2023-12-19T12:08:31 IST" name="tearDown" finished-at="2023-12-19T12:08:31 IST" duration-ms="309" status="PASS">
          <reporter-output>
          </reporter-output>
        </test-method> <!-- tearDown -->
      </class> <!-- testCases.DDT.TC_001_AccountLogin -->
    </test> <!-- OpenCartTest -->
  </suite> <!-- OpenCartSuite -->
</testng-results>
