<?xml version="1.0" encoding="UTF-8"?>
<!-- Generated by org.testng.reporters.JUnitReportReporter -->
<testsuite hostname="BLRLAP1529" failures="1" tests="14" name="testCases.DDT.TC_005_ProductDisplayPage" time="41.202" errors="0" timestamp="2024-01-02T14:41:32 IST" skipped="0">
  <testcase classname="testCases.DDT.TC_005_ProductDisplayPage" name="test_execute_product_display_page_test_cases" time="3.179"/>
  <testcase classname="testCases.DDT.TC_005_ProductDisplayPage" name="test_execute_product_display_page_test_cases" time="2.339"/>
  <testcase classname="testCases.DDT.TC_005_ProductDisplayPage" name="test_execute_product_display_page_test_cases" time="1.863"/>
  <testcase classname="testCases.DDT.TC_005_ProductDisplayPage" name="test_execute_product_display_page_test_cases" time="2.224"/>
  <testcase classname="testCases.DDT.TC_005_ProductDisplayPage" name="test_execute_product_display_page_test_cases" time="2.469"/>
  <testcase classname="testCases.DDT.TC_005_ProductDisplayPage" name="test_execute_product_display_page_test_cases" time="3.947"/>
  <testcase classname="testCases.DDT.TC_005_ProductDisplayPage" name="test_execute_product_display_page_test_cases" time="2.112"/>
  <testcase classname="testCases.DDT.TC_005_ProductDisplayPage" name="test_execute_product_display_page_test_cases" time="3.091"/>
  <testcase classname="testCases.DDT.TC_005_ProductDisplayPage" name="test_execute_product_display_page_test_cases" time="3.079"/>
  <testcase classname="testCases.DDT.TC_005_ProductDisplayPage" name="test_execute_product_display_page_test_cases" time="3.021">
    <failure message="No Review Text Not Matching There are no reviews for this product." type="java.lang.AssertionError">
      <![CDATA[java.lang.AssertionError: No Review Text Not Matching There are no reviews for this product.
at org.testng.Assert.fail(Assert.java:111)
at testCases.DDT.TC_005_ProductDisplayPage.no_review_text_verification(TC_005_ProductDisplayPage.java:224)
at testCases.DDT.TC_005_ProductDisplayPage.test_execute_product_display_page_test_cases(TC_005_ProductDisplayPage.java:59)
at java.base/jdk.internal.reflect.NativeMethodAccessorImpl.invoke0(Native Method)
at java.base/jdk.internal.reflect.NativeMethodAccessorImpl.invoke(NativeMethodAccessorImpl.java:77)
at java.base/jdk.internal.reflect.DelegatingMethodAccessorImpl.invoke(DelegatingMethodAccessorImpl.java:43)
at java.base/java.lang.reflect.Method.invoke(Method.java:568)
at org.testng.internal.invokers.MethodInvocationHelper.invokeMethod(MethodInvocationHelper.java:139)
at org.testng.internal.invokers.TestInvoker.invokeMethod(TestInvoker.java:664)
at org.testng.internal.invokers.TestInvoker.invokeTestMethod(TestInvoker.java:227)
at org.testng.internal.invokers.MethodRunner.runInSequence(MethodRunner.java:50)
at org.testng.internal.invokers.TestInvoker$MethodInvocationAgent.invoke(TestInvoker.java:957)
at org.testng.internal.invokers.TestInvoker.invokeTestMethods(TestInvoker.java:200)
at org.testng.internal.invokers.TestMethodWorker.invokeTestMethods(TestMethodWorker.java:148)
at org.testng.internal.invokers.TestMethodWorker.run(TestMethodWorker.java:128)
at java.base/java.util.ArrayList.forEach(ArrayList.java:1511)
at org.testng.TestRunner.privateRun(TestRunner.java:848)
at org.testng.TestRunner.run(TestRunner.java:621)
at org.testng.SuiteRunner.runTest(SuiteRunner.java:443)
at org.testng.SuiteRunner.runSequentially(SuiteRunner.java:437)
at org.testng.SuiteRunner.privateRun(SuiteRunner.java:397)
at org.testng.SuiteRunner.run(SuiteRunner.java:336)
at org.testng.SuiteRunnerWorker.runSuite(SuiteRunnerWorker.java:52)
at org.testng.SuiteRunnerWorker.run(SuiteRunnerWorker.java:95)
at org.testng.TestNG.runSuitesSequentially(TestNG.java:1280)
at org.testng.TestNG.runSuitesLocally(TestNG.java:1200)
at org.testng.TestNG.runSuites(TestNG.java:1114)
at org.testng.TestNG.run(TestNG.java:1082)
at org.testng.remote.AbstractRemoteTestNG.run(AbstractRemoteTestNG.java:115)
at org.testng.remote.RemoteTestNG.initAndRun(RemoteTestNG.java:251)
at org.testng.remote.RemoteTestNG.main(RemoteTestNG.java:77)
]]>
    </failure>
  </testcase> <!-- test_execute_product_display_page_test_cases -->
  <testcase classname="testCases.DDT.TC_005_ProductDisplayPage" name="test_execute_product_display_page_test_cases" time="2.112"/>
  <testcase classname="testCases.DDT.TC_005_ProductDisplayPage" name="test_execute_product_display_page_test_cases" time="2.087"/>
  <testcase classname="testCases.DDT.TC_005_ProductDisplayPage" name="test_execute_product_display_page_test_cases" time="4.362"/>
  <testcase classname="testCases.DDT.TC_005_ProductDisplayPage" name="test_execute_product_display_page_test_cases" time="5.317"/>
</testsuite> <!-- testCases.DDT.TC_005_ProductDisplayPage -->
